{
  "0 debug pnpm:scope": {
    "selected": 1,
    "workspacePrefix": "C:\\Users\\42194\\Downloads\\lowcode-monorepo-main\\lowcode-monorepo-main"
  },
  "1 error pnpm": {
    "errno": 1,
    "code": "ELIFECYCLE",
    "pkgid": "@iteria-app/ide-devserver@1.2.8",
    "stage": "build",
    "script": "vite build ",
    "pkgname": "@iteria-app/ide-devserver",
    "err": {
      "name": "pnpm",
      "message": "@iteria-app/ide-devserver@1.2.8 build: `vite build `\nExit status 1",
      "code": "ELIFECYCLE",
      "stack": "pnpm: @iteria-app/ide-devserver@1.2.8 build: `vite build `\nExit status 1\n    at EventEmitter.<anonymous> (C:\\Users\\42194\\AppData\\Roaming\\npm\\node_modules\\pnpm\\dist\\pnpm.cjs:105685:20)\n    at EventEmitter.emit (events.js:400:28)\n    at ChildProcess.<anonymous> (C:\\Users\\42194\\AppData\\Roaming\\npm\\node_modules\\pnpm\\dist\\pnpm.cjs:92232:18)\n    at ChildProcess.emit (events.js:400:28)\n    at maybeClose (internal/child_process.js:1058:16)\n    at Process.ChildProcess._handle.onexit (internal/child_process.js:293:5)"
    }
  }
}